<?xml version="1.0" encoding="UTF-8"?>
<!-- Generated by org.testng.reporters.JUnitXMLReporter -->
<testsuite hostname="DESKTOP-QMNBB7D" ignored="2" name="Sample test" tests="3" failures="2" timestamp="12 May 2020 02:22:27 GMT" time="37.818" errors="0">
  <testcase name="verifyLoginbtn" time="2.455" classname="com.training.sanity.tests.LoginTests"/>
  <testcase name="verifyCartEdit" time="3.634" classname="com.training.sanity.tests.HomePageTests">
    <failure type="java.lang.AssertionError" message="Edit order TC failed expected [Warning: Products marked with *** are not available in the desired quantity or not in stock!] but found [Warning: Products marked with *** are not available in the desired quantity or not in stock!
ﾃ余">
      <![CDATA[java.lang.AssertionError: Edit order TC failed expected [Warning: Products marked with *** are not available in the desired quantity or not in stock!] but found [Warning: Products marked with *** are not available in the desired quantity or not in stock!
ﾃ余
	at com.training.sanity.tests.HomePageTests.verifyCartEdit(HomePageTests.java:55)
... Removed 30 stack frames]]>
    </failure>
  </testcase> <!-- verifyCartEdit -->
  <testcase name="verifyCartEdit" time="3.644" classname="com.training.sanity.tests.LoginTests">
    <failure type="java.lang.AssertionError" message="Edit order TC failed expected [Warning: Products marked with *** are not available in the desired quantity or not in stock!] but found [Warning: Products marked with *** are not available in the desired quantity or not in stock!
ﾃ余">
      <![CDATA[java.lang.AssertionError: Edit order TC failed expected [Warning: Products marked with *** are not available in the desired quantity or not in stock!] but found [Warning: Products marked with *** are not available in the desired quantity or not in stock!
ﾃ余
	at com.training.sanity.tests.LoginTests.verifyCartEdit(LoginTests.java:92)
... Removed 30 stack frames]]>
    </failure>
  </testcase> <!-- verifyCartEdit -->
  <testcase name="verifyClickingofCatagory" time="0.0" classname="com.training.sanity.tests.LoginTests">
    <ignored/>
  </testcase> <!-- verifyClickingofCatagory -->
  <testcase name="verifyCatalog" time="0.0" classname="com.training.sanity.tests.LoginTests">
    <ignored/>
  </testcase> <!-- verifyCatalog -->
</testsuite> <!-- Sample test -->
